2018-12-19 16:49:21.811 [main]  INFO  com.woowle.eggwithtomato.EggWithTomatoApplication : Starting EggWithTomatoApplication on LT5CG749549X with PID 3856 (D:\work\invoice_code\egg-with-tomato\target\classes started by xiaoyin.lu.o in D:\work\invoice_code\egg-with-tomato)
2018-12-19 16:49:21.821 [main]  INFO  com.woowle.eggwithtomato.EggWithTomatoApplication : No active profile set, falling back to default profiles: default
2018-12-19 16:49:23.735 [main]  INFO  org.springframework.context.support.PostProcessorRegistrationDelegate$BeanPostProcessorChecker : Bean 'org.springframework.transaction.annotation.ProxyTransactionManagementConfiguration' of type [org.springframework.transaction.annotation.ProxyTransactionManagementConfiguration$$EnhancerBySpringCGLIB$$5a13f456] is not eligible for getting processed by all BeanPostProcessors (for example: not eligible for auto-proxying)
2018-12-19 16:49:24.004 [main]  INFO  org.springframework.context.support.PostProcessorRegistrationDelegate$BeanPostProcessorChecker : Bean 'spring.datasource.dynamic-com.baomidou.dynamic.datasource.spring.boot.autoconfigure.DynamicDataSourceProperties' of type [com.baomidou.dynamic.datasource.spring.boot.autoconfigure.DynamicDataSourceProperties] is not eligible for getting processed by all BeanPostProcessors (for example: not eligible for auto-proxying)
2018-12-19 16:49:24.011 [main]  INFO  org.springframework.context.support.PostProcessorRegistrationDelegate$BeanPostProcessorChecker : Bean 'com.baomidou.dynamic.datasource.spring.boot.autoconfigure.DynamicDataSourceAutoConfiguration' of type [com.baomidou.dynamic.datasource.spring.boot.autoconfigure.DynamicDataSourceAutoConfiguration$$EnhancerBySpringCGLIB$$c3a26527] is not eligible for getting processed by all BeanPostProcessors (for example: not eligible for auto-proxying)
2018-12-19 16:49:24.027 [main]  INFO  org.springframework.context.support.PostProcessorRegistrationDelegate$BeanPostProcessorChecker : Bean 'dynamicDataSourceSpelParser' of type [com.baomidou.dynamic.datasource.spel.DefaultDynamicDataSourceSpelParser] is not eligible for getting processed by all BeanPostProcessors (for example: not eligible for auto-proxying)
2018-12-19 16:49:24.034 [main]  INFO  org.springframework.context.support.PostProcessorRegistrationDelegate$BeanPostProcessorChecker : Bean 'dynamicDataSourceSpelResolver' of type [com.baomidou.dynamic.datasource.spel.DefaultDynamicDataSourceSpelResolver] is not eligible for getting processed by all BeanPostProcessors (for example: not eligible for auto-proxying)
2018-12-19 16:49:24.055 [main]  INFO  org.springframework.context.support.PostProcessorRegistrationDelegate$BeanPostProcessorChecker : Bean 'dynamicDatasourceAnnotationAdvisor' of type [com.baomidou.dynamic.datasource.aop.DynamicDataSourceAnnotationAdvisor] is not eligible for getting processed by all BeanPostProcessors (for example: not eligible for auto-proxying)
2018-12-19 16:49:24.056 [main]  INFO  org.springframework.context.support.PostProcessorRegistrationDelegate$BeanPostProcessorChecker : Bean 'org.springframework.hateoas.config.HateoasConfiguration' of type [org.springframework.hateoas.config.HateoasConfiguration$$EnhancerBySpringCGLIB$$d9944188] is not eligible for getting processed by all BeanPostProcessors (for example: not eligible for auto-proxying)
2018-12-19 16:49:24.734 [main]  INFO  org.springframework.boot.web.embedded.tomcat.TomcatWebServer : Tomcat initialized with port(s): 8080 (http)
2018-12-19 16:49:24.751 [main]  INFO  org.apache.coyote.http11.Http11NioProtocol : Initializing ProtocolHandler ["http-nio-8080"]
2018-12-19 16:49:24.762 [main]  INFO  org.apache.catalina.core.StandardService : Starting service [Tomcat]
2018-12-19 16:49:24.762 [main]  INFO  org.apache.catalina.core.StandardEngine : Starting Servlet Engine: Apache Tomcat/9.0.13
2018-12-19 16:49:24.772 [main]  INFO  org.apache.catalina.core.AprLifecycleListener : The APR based Apache Tomcat Native library which allows optimal performance in production environments was not found on the java.library.path: [C:\Program Files\Java\jdk1.8.0_161\bin;C:\Windows\Sun\Java\bin;C:\Windows\system32;C:\Windows;C:\Program Files (x86)\Common Files\Oracle\Java\javapath;C:\ProgramData\Oracle\Java\javapath;C:\Program Files (x86)\Intel\iCLS Client\;C:\Program Files\Intel\iCLS Client\;C:\Windows\system32;C:\Windows;C:\Windows\System32\Wbem;C:\Program Files\Symantec\Workspace Virtualization\;C:\Windows\System32\WindowsPowerShell\v1.0\;C:\Windows\System32\WindowsPowerShell\v1.0\;C:\Program Files (x86)\Intel\UCRT\;C:\Program Files\Intel\UCRT\;C:\Program Files (x86)\Intel\Intel(R) Management Engine Components\DAL;C:\Program Files\Intel\Intel(R) Management Engine Components\DAL;C:\Program Files (x86)\Intel\Intel(R) Management Engine Components\IPT;C:\Program Files\Intel\Intel(R) Management Engine Components\IPT;C:\Program Files\Intel\WiFi\bin\;C:\Program Files\Common Files\Intel\WirelessCommon\;C:\Program Files\TortoiseGit\bin;C:\Program Files\Git\cmd;C:\Go\bin;D:\Program Files\Microsoft VS Code\bin;C:\Users\xiaoyin.lu.o\AppData\Local\Programs\Python\Python37\Scripts\;C:\Users\xiaoyin.lu.o\AppData\Local\Programs\Python\Python37\;D:\work\program\apache-maven-3.5.2\bin;C:\Users\xiaoyin.lu.o\AppData\Local\atom\bin;C:\Users\xiaoyin.lu.o\AppData\Local\GitHubDesktop\bin;D:\work\program\zookeeper-3.4.11\bin;%GOPATH%\bin;C:\Program Files\Bandizip\;.]
2018-12-19 16:49:25.152 [main]  INFO  org.apache.catalina.core.ContainerBase.[Tomcat].[localhost].[/] : Initializing Spring embedded WebApplicationContext
2018-12-19 16:49:25.152 [main]  INFO  org.springframework.web.context.ContextLoader : Root WebApplicationContext: initialization completed in 3228 ms
2018-12-19 16:49:26.647 [main]  INFO  com.alibaba.druid.pool.DruidDataSource : {dataSource-1} inited
2018-12-19 16:49:26.656 [main]  INFO  com.alibaba.druid.pool.DruidDataSource : {dataSource-2} inited
2018-12-19 16:49:26.656 [main]  INFO  com.baomidou.dynamic.datasource.DynamicRoutingDataSource : 初始共加载 2 个数据源
2018-12-19 16:49:26.658 [main]  INFO  com.baomidou.dynamic.datasource.DynamicRoutingDataSource : 添加数据源 master 成功
2018-12-19 16:49:26.659 [main]  INFO  com.baomidou.dynamic.datasource.DynamicRoutingDataSource : 添加数据源 slave_1 成功
2018-12-19 16:49:26.660 [main]  INFO  com.baomidou.dynamic.datasource.DynamicRoutingDataSource : 当前的默认数据源是单数据源，数据源名为master
2018-12-19 16:49:28.979 [main]  INFO  org.apache.coyote.http11.Http11NioProtocol : Starting ProtocolHandler ["http-nio-8080"]
2018-12-19 16:49:29.021 [main]  INFO  org.apache.tomcat.util.net.NioSelectorPool : Using a shared selector for servlet write/read
2018-12-19 16:49:29.089 [main]  INFO  org.springframework.boot.web.embedded.tomcat.TomcatWebServer : Tomcat started on port(s): 8080 (http) with context path ''
2018-12-19 16:49:29.095 [main]  INFO  com.woowle.eggwithtomato.EggWithTomatoApplication : Started EggWithTomatoApplication in 9.23 seconds (JVM running for 10.94)
2018-12-19 16:54:19.956 [main]  INFO  com.woowle.eggwithtomato.EggWithTomatoApplication : Starting EggWithTomatoApplication on LT5CG749549X with PID 12720 (D:\woowle\egg-with-tomato\target\classes started by xiaoyin.lu.o in D:\woowle\egg-with-tomato)
2018-12-19 16:54:19.966 [main]  INFO  com.woowle.eggwithtomato.EggWithTomatoApplication : No active profile set, falling back to default profiles: default
2018-12-19 16:54:21.980 [main]  INFO  org.springframework.context.support.PostProcessorRegistrationDelegate$BeanPostProcessorChecker : Bean 'org.springframework.transaction.annotation.ProxyTransactionManagementConfiguration' of type [org.springframework.transaction.annotation.ProxyTransactionManagementConfiguration$$EnhancerBySpringCGLIB$$1183fd3f] is not eligible for getting processed by all BeanPostProcessors (for example: not eligible for auto-proxying)
2018-12-19 16:54:22.195 [main]  INFO  org.springframework.context.support.PostProcessorRegistrationDelegate$BeanPostProcessorChecker : Bean 'spring.datasource.dynamic-com.baomidou.dynamic.datasource.spring.boot.autoconfigure.DynamicDataSourceProperties' of type [com.baomidou.dynamic.datasource.spring.boot.autoconfigure.DynamicDataSourceProperties] is not eligible for getting processed by all BeanPostProcessors (for example: not eligible for auto-proxying)
2018-12-19 16:54:22.201 [main]  INFO  org.springframework.context.support.PostProcessorRegistrationDelegate$BeanPostProcessorChecker : Bean 'com.baomidou.dynamic.datasource.spring.boot.autoconfigure.DynamicDataSourceAutoConfiguration' of type [com.baomidou.dynamic.datasource.spring.boot.autoconfigure.DynamicDataSourceAutoConfiguration$$EnhancerBySpringCGLIB$$7b126e10] is not eligible for getting processed by all BeanPostProcessors (for example: not eligible for auto-proxying)
2018-12-19 16:54:22.217 [main]  INFO  org.springframework.context.support.PostProcessorRegistrationDelegate$BeanPostProcessorChecker : Bean 'dynamicDataSourceSpelParser' of type [com.baomidou.dynamic.datasource.spel.DefaultDynamicDataSourceSpelParser] is not eligible for getting processed by all BeanPostProcessors (for example: not eligible for auto-proxying)
2018-12-19 16:54:22.222 [main]  INFO  org.springframework.context.support.PostProcessorRegistrationDelegate$BeanPostProcessorChecker : Bean 'dynamicDataSourceSpelResolver' of type [com.baomidou.dynamic.datasource.spel.DefaultDynamicDataSourceSpelResolver] is not eligible for getting processed by all BeanPostProcessors (for example: not eligible for auto-proxying)
2018-12-19 16:54:22.232 [main]  INFO  org.springframework.context.support.PostProcessorRegistrationDelegate$BeanPostProcessorChecker : Bean 'dynamicDatasourceAnnotationAdvisor' of type [com.baomidou.dynamic.datasource.aop.DynamicDataSourceAnnotationAdvisor] is not eligible for getting processed by all BeanPostProcessors (for example: not eligible for auto-proxying)
2018-12-19 16:54:22.233 [main]  INFO  org.springframework.context.support.PostProcessorRegistrationDelegate$BeanPostProcessorChecker : Bean 'org.springframework.hateoas.config.HateoasConfiguration' of type [org.springframework.hateoas.config.HateoasConfiguration$$EnhancerBySpringCGLIB$$91044a71] is not eligible for getting processed by all BeanPostProcessors (for example: not eligible for auto-proxying)
2018-12-19 16:54:22.936 [main]  INFO  org.springframework.boot.web.embedded.tomcat.TomcatWebServer : Tomcat initialized with port(s): 8080 (http)
2018-12-19 16:54:22.960 [main]  INFO  org.apache.coyote.http11.Http11NioProtocol : Initializing ProtocolHandler ["http-nio-8080"]
2018-12-19 16:54:23.014 [main]  INFO  org.apache.catalina.core.StandardService : Starting service [Tomcat]
2018-12-19 16:54:23.014 [main]  INFO  org.apache.catalina.core.StandardEngine : Starting Servlet Engine: Apache Tomcat/9.0.13
2018-12-19 16:54:23.029 [main]  INFO  org.apache.catalina.core.AprLifecycleListener : The APR based Apache Tomcat Native library which allows optimal performance in production environments was not found on the java.library.path: [C:\Program Files\Java\jdk1.8.0_161\bin;C:\Windows\Sun\Java\bin;C:\Windows\system32;C:\Windows;C:\Program Files (x86)\Common Files\Oracle\Java\javapath;C:\ProgramData\Oracle\Java\javapath;C:\Program Files (x86)\Intel\iCLS Client\;C:\Program Files\Intel\iCLS Client\;C:\Windows\system32;C:\Windows;C:\Windows\System32\Wbem;C:\Program Files\Symantec\Workspace Virtualization\;C:\Windows\System32\WindowsPowerShell\v1.0\;C:\Windows\System32\WindowsPowerShell\v1.0\;C:\Program Files (x86)\Intel\UCRT\;C:\Program Files\Intel\UCRT\;C:\Program Files (x86)\Intel\Intel(R) Management Engine Components\DAL;C:\Program Files\Intel\Intel(R) Management Engine Components\DAL;C:\Program Files (x86)\Intel\Intel(R) Management Engine Components\IPT;C:\Program Files\Intel\Intel(R) Management Engine Components\IPT;C:\Program Files\Intel\WiFi\bin\;C:\Program Files\Common Files\Intel\WirelessCommon\;C:\Program Files\TortoiseGit\bin;C:\Program Files\Git\cmd;C:\Go\bin;D:\Program Files\Microsoft VS Code\bin;C:\Users\xiaoyin.lu.o\AppData\Local\Programs\Python\Python37\Scripts\;C:\Users\xiaoyin.lu.o\AppData\Local\Programs\Python\Python37\;D:\work\program\apache-maven-3.5.2\bin;C:\Users\xiaoyin.lu.o\AppData\Local\atom\bin;C:\Users\xiaoyin.lu.o\AppData\Local\GitHubDesktop\bin;D:\work\program\zookeeper-3.4.11\bin;%GOPATH%\bin;C:\Program Files\Bandizip\;.]
2018-12-19 16:54:23.430 [main]  INFO  org.apache.catalina.core.ContainerBase.[Tomcat].[localhost].[/] : Initializing Spring embedded WebApplicationContext
2018-12-19 16:54:23.431 [main]  INFO  org.springframework.web.context.ContextLoader : Root WebApplicationContext: initialization completed in 3286 ms
2018-12-19 16:54:26.159 [main]  INFO  com.alibaba.druid.pool.DruidDataSource : {dataSource-1} inited
2018-12-19 16:54:26.160 [main]  INFO  com.baomidou.dynamic.datasource.DynamicRoutingDataSource : 初始共加载 1 个数据源
2018-12-19 16:54:26.162 [main]  INFO  com.baomidou.dynamic.datasource.DynamicRoutingDataSource : 添加数据源 master 成功
2018-12-19 16:54:26.162 [main]  INFO  com.baomidou.dynamic.datasource.DynamicRoutingDataSource : 当前的默认数据源是单数据源，数据源名为master
2018-12-19 16:54:28.741 [main]  INFO  org.apache.coyote.http11.Http11NioProtocol : Starting ProtocolHandler ["http-nio-8080"]
2018-12-19 16:54:28.787 [main]  INFO  org.apache.tomcat.util.net.NioSelectorPool : Using a shared selector for servlet write/read
2018-12-19 16:54:28.817 [main]  INFO  org.springframework.boot.web.embedded.tomcat.TomcatWebServer : Tomcat started on port(s): 8080 (http) with context path ''
2018-12-19 16:54:28.828 [main]  INFO  com.woowle.eggwithtomato.EggWithTomatoApplication : Started EggWithTomatoApplication in 9.926 seconds (JVM running for 11.882)
